[debug] [2026-03-08T07:16:35.792Z] ----------------------------------------------------------------------
[debug] [2026-03-08T07:16:35.794Z] Command:       C:\Program Files\nodejs\node.exe C:\Users\ADMIN\AppData\Roaming\npm\node_modules\firebase-tools\lib\bin\firebase.js hosting:disable
[debug] [2026-03-08T07:16:35.795Z] CLI Version:   15.9.0
[debug] [2026-03-08T07:16:35.795Z] Platform:      win32
[debug] [2026-03-08T07:16:35.795Z] Node Version:  v24.13.0
[debug] [2026-03-08T07:16:35.795Z] Time:          Sun Mar 08 2026 14:16:35 GMT+0700 (เวลาอินโดจีน)
[debug] [2026-03-08T07:16:35.795Z] ----------------------------------------------------------------------
[debug] 
[debug] [2026-03-08T07:16:36.018Z] > command requires scopes: ["email","openid","https://www.googleapis.com/auth/cloudplatformprojects.readonly","https://www.googleapis.com/auth/firebase","https://www.googleapis.com/auth/cloud-platform"]
[debug] [2026-03-08T07:16:36.018Z] > authorizing via signed-in user (mr.nattawat07@gmail.com)
[debug] [2026-03-08T07:16:36.019Z] [iam] checking project phanomphrai-c99bd for permissions ["firebase.projects.get","firebasehosting.sites.update"]
[debug] [2026-03-08T07:16:36.020Z] Checked if tokens are valid: true, expires at: 1772957547396
[debug] [2026-03-08T07:16:36.020Z] Checked if tokens are valid: true, expires at: 1772957547396
[debug] [2026-03-08T07:16:36.021Z] >>> [apiv2][query] POST https://cloudresourcemanager.googleapis.com/v1/projects/phanomphrai-c99bd:testIamPermissions [none]
[debug] [2026-03-08T07:16:36.021Z] >>> [apiv2][(partial)header] POST https://cloudresourcemanager.googleapis.com/v1/projects/phanomphrai-c99bd:testIamPermissions  x-goog-user-project=phanomphrai-c99bd
[debug] [2026-03-08T07:16:36.021Z] >>> [apiv2][body] POST https://cloudresourcemanager.googleapis.com/v1/projects/phanomphrai-c99bd:testIamPermissions {"permissions":["firebase.projects.get","firebasehosting.sites.update"]}
[debug] [2026-03-08T07:16:37.388Z] <<< [apiv2][status] POST https://cloudresourcemanager.googleapis.com/v1/projects/phanomphrai-c99bd:testIamPermissions 403
[debug] [2026-03-08T07:16:37.388Z] <<< [apiv2][body] POST https://cloudresourcemanager.googleapis.com/v1/projects/phanomphrai-c99bd:testIamPermissions {"error":{"code":403,"message":"Caller does not have required permission to use project phanomphrai-c99bd. Grant the caller the roles/serviceusage.serviceUsageConsumer role, or a custom role with the serviceusage.services.use permission, by visiting https://console.developers.google.com/iam-admin/iam?project=phanomphrai-c99bd and then retry. Propagation of the new permission may take a few minutes.","status":"PERMISSION_DENIED","details":[{"@type":"type.googleapis.com/google.rpc.ErrorInfo","reason":"USER_PROJECT_DENIED","domain":"googleapis.com","metadata":{"service":"cloudresourcemanager.googleapis.com","consoleUrl":"https://console.developers.google.com/iam-admin/iam?project=phanomphrai-c99bd","containerInfo":"phanomphrai-c99bd","consumer":"projects/phanomphrai-c99bd"}},{"@type":"type.googleapis.com/google.rpc.LocalizedMessage","locale":"en-US","message":"Caller does not have required permission to use project phanomphrai-c99bd. Grant the caller the roles/serviceusage.serviceUsageConsumer role, or a custom role with the serviceusage.services.use permission, by visiting https://console.developers.google.com/iam-admin/iam?project=phanomphrai-c99bd and then retry. Propagation of the new permission may take a few minutes."},{"@type":"type.googleapis.com/google.rpc.Help","links":[{"description":"Google developer console IAM admin","url":"https://console.developers.google.com/iam-admin/iam?project=phanomphrai-c99bd"}]}]}}
[debug] [2026-03-08T07:16:37.389Z] [iam] error while checking permissions, command may fail: Request to https://cloudresourcemanager.googleapis.com/v1/projects/phanomphrai-c99bd:testIamPermissions had HTTP Error: 403, Caller does not have required permission to use project phanomphrai-c99bd. Grant the caller the roles/serviceusage.serviceUsageConsumer role, or a custom role with the serviceusage.services.use permission, by visiting https://console.developers.google.com/iam-admin/iam?project=phanomphrai-c99bd and then retry. Propagation of the new permission may take a few minutes.
[debug] [2026-03-08T07:16:37.389Z] Checked if tokens are valid: true, expires at: 1772957547396
[debug] [2026-03-08T07:16:37.389Z] Checked if tokens are valid: true, expires at: 1772957547396
[debug] [2026-03-08T07:16:37.389Z] >>> [apiv2][query] GET https://firebase.googleapis.com/v1beta1/projects/phanomphrai-c99bd [none]
[debug] [2026-03-08T07:16:37.916Z] <<< [apiv2][status] GET https://firebase.googleapis.com/v1beta1/projects/phanomphrai-c99bd 403
[debug] [2026-03-08T07:16:37.916Z] <<< [apiv2][body] GET https://firebase.googleapis.com/v1beta1/projects/phanomphrai-c99bd {"error":{"code":403,"message":"The caller does not have permission","status":"PERMISSION_DENIED"}}
[debug] [2026-03-08T07:16:37.916Z] Request to https://firebase.googleapis.com/v1beta1/projects/phanomphrai-c99bd had HTTP Error: 403, The caller does not have permission
[debug] [2026-03-08T07:16:38.113Z] FirebaseError: Request to https://firebase.googleapis.com/v1beta1/projects/phanomphrai-c99bd had HTTP Error: 403, The caller does not have permission
    at responseToError (C:\Users\ADMIN\AppData\Roaming\npm\node_modules\firebase-tools\lib\responseToError.js:53:12)
    at RetryOperation._fn (C:\Users\ADMIN\AppData\Roaming\npm\node_modules\firebase-tools\lib\apiv2.js:333:77)
    at process.processTicksAndRejections (node:internal/process/task_queues:103:5)
[error] 
[error] Error: Failed to get Firebase project phanomphrai-c99bd. Please make sure the project exists and your account has permission to access it.
